<?xml version="1.0" encoding="UTF-8"?>
<!-- Generated by org.testng.reporters.JUnitXMLReporter -->
<testsuite ignored="0" hostname="neel-Aspire-5750" failures="1" tests="1" name="VerifyingSellText" time="51.782" errors="0" timestamp="2022-04-05T13:55:43 IST">
  <testcase classname="Academy.PracticeFramework.VerifySellText" name="verifyingSellText" time="46.516">
    <failure type="java.lang.AssertionError" message="expected [sell] but found [Sell]">
      <![CDATA[java.lang.AssertionError: expected [sell] but found [Sell]
at Academy.PracticeFramework.VerifySellText.verifyingSellText(VerifySellText.java:35)
at java.base/java.util.ArrayList.forEach(ArrayList.java:1511)
at java.base/java.util.concurrent.FutureTask.run(FutureTask.java:264)
at java.base/java.util.concurrent.ThreadPoolExecutor.runWorker(ThreadPoolExecutor.java:1130)
at java.base/java.util.concurrent.ThreadPoolExecutor$Worker.run(ThreadPoolExecutor.java:630)
at java.base/java.lang.Thread.run(Thread.java:831)
... Removed 24 stack frames]]>
    </failure>
  </testcase> <!-- verifyingSellText -->
</testsuite> <!-- VerifyingSellText -->
