<?xml version="1.0" encoding="UTF-8"?>
<testng-results ignored="0" total="3" passed="2" failed="1" skipped="0">
  <reporter-output>
  </reporter-output>
  <suite started-at="2022-04-05T17:21:33 IST" name="Suite" finished-at="2022-04-05T17:22:23 IST" duration-ms="50382">
    <groups>
    </groups>
    <test started-at="2022-04-05T17:21:33 IST" name="VerifyingSellText" finished-at="2022-04-05T17:21:55 IST" duration-ms="22940">
      <class name="Academy.PracticeFramework.VerifySellText">
        <test-method is-config="true" signature="initializeChromeDriver()[pri:0, instance:Academy.PracticeFramework.VerifySellText@fd8294b]" started-at="2022-04-05T17:21:33 IST" name="initializeChromeDriver" finished-at="2022-04-05T17:21:36 IST" duration-ms="3314" status="PASS">
          <reporter-output>
          </reporter-output>
        </test-method> <!-- initializeChromeDriver -->
        <test-method signature="verifyingSellText()[pri:0, instance:Academy.PracticeFramework.VerifySellText@fd8294b]" started-at="2022-04-05T17:21:36 IST" name="verifyingSellText" finished-at="2022-04-05T17:21:54 IST" duration-ms="18526" status="FAIL">
          <exception class="java.lang.AssertionError">
            <message>
              <![CDATA[expected [sell] but found [Sell]]]>
            </message>
            <full-stacktrace>
              <![CDATA[java.lang.AssertionError: expected [sell] but found [Sell]
at org.testng.Assert.fail(Assert.java:110)
at org.testng.Assert.failNotEquals(Assert.java:1413)
at org.testng.Assert.assertEqualsImpl(Assert.java:149)
at org.testng.Assert.assertEquals(Assert.java:131)
at org.testng.Assert.assertEquals(Assert.java:655)
at org.testng.Assert.assertEquals(Assert.java:665)
at Academy.PracticeFramework.VerifySellText.verifyingSellText(VerifySellText.java:35)
at java.base/jdk.internal.reflect.NativeMethodAccessorImpl.invoke0(Native Method)
at java.base/jdk.internal.reflect.NativeMethodAccessorImpl.invoke(NativeMethodAccessorImpl.java:77)
at java.base/jdk.internal.reflect.DelegatingMethodAccessorImpl.invoke(DelegatingMethodAccessorImpl.java:43)
at java.base/java.lang.reflect.Method.invoke(Method.java:568)
at org.testng.internal.invokers.MethodInvocationHelper.invokeMethod(MethodInvocationHelper.java:135)
at org.testng.internal.invokers.TestInvoker.invokeMethod(TestInvoker.java:673)
at org.testng.internal.invokers.TestInvoker.invokeTestMethod(TestInvoker.java:220)
at org.testng.internal.invokers.MethodRunner.runInSequence(MethodRunner.java:50)
at org.testng.internal.invokers.TestInvoker$MethodInvocationAgent.invoke(TestInvoker.java:945)
at org.testng.internal.invokers.TestInvoker.invokeTestMethods(TestInvoker.java:193)
at org.testng.internal.invokers.TestMethodWorker.invokeTestMethods(TestMethodWorker.java:146)
at org.testng.internal.invokers.TestMethodWorker.run(TestMethodWorker.java:128)
at java.base/java.util.ArrayList.forEach(ArrayList.java:1511)
at org.testng.TestRunner.privateRun(TestRunner.java:808)
at org.testng.TestRunner.run(TestRunner.java:603)
at org.testng.SuiteRunner.runTest(SuiteRunner.java:429)
at org.testng.SuiteRunner.access$000(SuiteRunner.java:32)
at org.testng.SuiteRunner$SuiteWorker.run(SuiteRunner.java:467)
at org.testng.internal.thread.ThreadUtil.lambda$execute$0(ThreadUtil.java:58)
at java.base/java.util.concurrent.FutureTask.run(FutureTask.java:264)
at java.base/java.util.concurrent.ThreadPoolExecutor.runWorker(ThreadPoolExecutor.java:1136)
at java.base/java.util.concurrent.ThreadPoolExecutor$Worker.run(ThreadPoolExecutor.java:635)
at java.base/java.lang.Thread.run(Thread.java:833)
]]>
            </full-stacktrace>
          </exception> <!-- java.lang.AssertionError -->
          <reporter-output>
          </reporter-output>
        </test-method> <!-- verifyingSellText -->
        <test-method is-config="true" signature="tearDown()[pri:0, instance:Academy.PracticeFramework.VerifySellText@fd8294b]" started-at="2022-04-05T17:21:55 IST" name="tearDown" finished-at="2022-04-05T17:21:55 IST" duration-ms="184" status="PASS">
          <reporter-output>
          </reporter-output>
        </test-method> <!-- tearDown -->
      </class> <!-- Academy.PracticeFramework.VerifySellText -->
    </test> <!-- VerifyingSellText -->
    <test started-at="2022-04-05T17:21:33 IST" name="TodayDeals" finished-at="2022-04-05T17:22:03 IST" duration-ms="30607">
      <class name="Academy.PracticeFramework.TodayDealsTest">
        <test-method is-config="true" signature="initializeChromeDriver()[pri:0, instance:Academy.PracticeFramework.TodayDealsTest@1c7fd41f]" started-at="2022-04-05T17:21:33 IST" name="initializeChromeDriver" finished-at="2022-04-05T17:21:36 IST" duration-ms="3319" status="PASS">
          <reporter-output>
          </reporter-output>
        </test-method> <!-- initializeChromeDriver -->
        <test-method signature="openGrocery()[pri:0, instance:Academy.PracticeFramework.TodayDealsTest@1c7fd41f]" started-at="2022-04-05T17:21:36 IST" name="openGrocery" finished-at="2022-04-05T17:22:03 IST" duration-ms="26950" status="PASS">
          <reporter-output>
          </reporter-output>
        </test-method> <!-- openGrocery -->
        <test-method is-config="true" signature="tearDown()[pri:0, instance:Academy.PracticeFramework.TodayDealsTest@1c7fd41f]" started-at="2022-04-05T17:22:03 IST" name="tearDown" finished-at="2022-04-05T17:22:03 IST" duration-ms="301" status="PASS">
          <reporter-output>
          </reporter-output>
        </test-method> <!-- tearDown -->
      </class> <!-- Academy.PracticeFramework.TodayDealsTest -->
    </test> <!-- TodayDeals -->
    <test started-at="2022-04-05T17:21:33 IST" name="AmazonHome" finished-at="2022-04-05T17:22:23 IST" duration-ms="50382">
      <class name="Academy.PracticeFramework.AmazonHomeTest">
        <test-method is-config="true" signature="initializeChromeDriver()[pri:0, instance:Academy.PracticeFramework.AmazonHomeTest@4febb875]" started-at="2022-04-05T17:21:33 IST" name="initializeChromeDriver" finished-at="2022-04-05T17:21:36 IST" duration-ms="3320" status="PASS">
          <reporter-output>
          </reporter-output>
        </test-method> <!-- initializeChromeDriver -->
        <test-method signature="openTodayDeals()[pri:0, instance:Academy.PracticeFramework.AmazonHomeTest@4febb875]" started-at="2022-04-05T17:21:36 IST" name="openTodayDeals" finished-at="2022-04-05T17:22:23 IST" duration-ms="46710" status="PASS">
          <reporter-output>
          </reporter-output>
        </test-method> <!-- openTodayDeals -->
        <test-method is-config="true" signature="tearDown()[pri:0, instance:Academy.PracticeFramework.AmazonHomeTest@4febb875]" started-at="2022-04-05T17:22:23 IST" name="tearDown" finished-at="2022-04-05T17:22:23 IST" duration-ms="305" status="PASS">
          <reporter-output>
          </reporter-output>
        </test-method> <!-- tearDown -->
      </class> <!-- Academy.PracticeFramework.AmazonHomeTest -->
    </test> <!-- AmazonHome -->
  </suite> <!-- Suite -->
</testng-results>
